0 info it worked if it ends with ok
1 verbose cli [ 'nodejs', '/usr/bin/npm', 'run-script', 'dev' ]
2 info using npm@1.1.65
3 info using node@v0.8.14
4 verbose read json /home/brad/techpines/bone.io/bone.io/package.json
5 error Failed to parse json
5 error Unexpected string
6 error File: /home/brad/techpines/bone.io/bone.io/package.json
7 error Failed to parse package.json data.
7 error package.json must be actual JSON, not just JavaScript.
7 error
7 error This is not a bug in npm.
7 error Tell the package author to fix their package.json file. JSON.parse
8 error System Linux 3.2.0-40-generic
9 error command "nodejs" "/usr/bin/npm" "run-script" "dev"
10 error cwd /home/brad/techpines/bone.io/bone.io
11 error node -v v0.8.14
12 error npm -v 1.1.65
13 error file /home/brad/techpines/bone.io/bone.io/package.json
14 error code EJSONPARSE
15 verbose exit [ 1, true ]
